<?xml version="1.0" encoding="UTF-8"?>
<testsuite xmlns:xsi="http://www.w3.org/2001/XMLSchema-instance" xsi:noNamespaceSchemaLocation="https://maven.apache.org/surefire/maven-surefire-plugin/xsd/surefire-test-report.xsd" name="runner.TestRunner" time="200.009" tests="14" errors="0" skipped="0" failures="0">
  <properties>
[...]
</properties>
  <testcase name="Login with valid credentials #1" classname="Login functionality" time="17.425"/>
  <testcase name="Login with valid credentials #2" classname="Login functionality" time="13.412"/>
  <testcase name="Login with valid credentials #3" classname="Login functionality" time="12.899"/>
  <testcase name="Login with invalid credentials" classname="Login functionality" time="13.234"/>
  <testcase name="Login with valid email and invalid password" classname="Login functionality" time="11.76"/>
  <testcase name="Login with invalid email and valid password" classname="Login functionality" time="13.844"/>
  <testcase name="Login without providing any credentails" classname="Login functionality" time="11.805"/>
  <testcase name="User creates an account only with mandatory fields" classname="Registration functionality" time="16.444"/>
  <testcase name="User creates an account with all fields" classname="Registration functionality" time="19.421"/>
  <testcase name="User creates a duplicate account" classname="Registration functionality" time="16.089"/>
  <testcase name="User creates an account without filling any details" classname="Registration functionality" time="16.27"/>
  <testcase name="User searches for a valid product" classname="Search functionality" time="10.232"/>
  <testcase name="User searches for an invalid product" classname="Search functionality" time="10.913"/>
  <testcase name="User searches without any product" classname="Search functionality" time="9.26"/>
</testsuite>